TN:
SF:src/modules/appointments/services/CreateAppointmentService.ts
FN:10,CreateAppointmentService
FN:15,execute
FNF:2
FNH:2
FNDA:2,CreateAppointmentService
FNDA:3,execute
DA:1,1
DA:2,1
DA:3,1
DA:4,1
DA:5,1
DA:6,1
DA:7,1
DA:8,1
DA:9,1
DA:10,1
DA:11,2
DA:12,2
DA:13,2
DA:14,1
DA:15,1
DA:16,3
DA:17,3
DA:18,3
DA:19,3
DA:20,3
DA:21,1
DA:22,1
DA:23,2
DA:24,2
DA:25,2
DA:26,2
DA:27,2
DA:28,0
DA:29,1
DA:30,1
LF:30
LH:29
BRDA:10,0,0,2
BRDA:15,1,0,3
BRDA:20,2,0,1
BRDA:23,3,0,2
BRDA:28,4,0,0
BRF:5
BRH:4
end_of_record
TN:
SF:src/modules/users/services/AuthenticateUserService.ts
FN:12,AuthenticateUserService
FN:17,execute
FNF:2
FNH:2
FNDA:3,AuthenticateUserService
FNDA:3,execute
DA:1,1
DA:2,1
DA:3,1
DA:4,1
DA:5,1
DA:6,1
DA:7,1
DA:8,1
DA:9,1
DA:10,1
DA:11,1
DA:12,1
DA:13,3
DA:14,3
DA:15,3
DA:16,1
DA:17,1
DA:18,3
DA:19,3
DA:20,3
DA:21,3
DA:22,3
DA:23,1
DA:24,1
DA:25,2
DA:26,2
DA:27,3
DA:28,1
DA:29,1
DA:30,1
DA:31,1
DA:32,1
DA:33,1
DA:34,1
DA:35,1
DA:36,1
DA:37,1
DA:38,1
DA:39,1
DA:40,1
DA:41,1
DA:42,1
DA:43,0
DA:44,1
LF:44
LH:43
BRDA:12,0,0,3
BRDA:17,1,0,3
BRDA:22,2,0,1
BRDA:25,3,0,2
BRDA:27,4,0,1
BRDA:43,5,0,0
BRF:6
BRH:5
end_of_record
TN:
SF:src/modules/users/services/CreateUserService.ts
FN:10,CreateUserService
FN:15,execute
FNF:2
FNH:2
FNDA:2,CreateUserService
FNDA:2,execute
DA:1,1
DA:2,1
DA:3,1
DA:4,1
DA:5,1
DA:6,1
DA:7,1
DA:8,1
DA:9,1
DA:10,1
DA:11,2
DA:12,2
DA:13,2
DA:14,1
DA:15,1
DA:16,2
DA:17,2
DA:18,2
DA:19,2
DA:20,2
DA:21,2
DA:22,0
DA:23,0
DA:24,2
DA:25,2
DA:26,2
DA:27,2
DA:28,2
DA:29,2
DA:30,2
DA:31,0
DA:32,1
LF:32
LH:29
BRDA:10,0,0,2
BRDA:15,1,0,2
BRDA:21,2,0,0
BRDA:31,3,0,0
BRF:4
BRH:2
end_of_record
TN:
SF:src/modules/users/services/ResetForgotPasswordService.ts
FN:11,ResetForgotPasswordService
FN:20,execute
FNF:2
FNH:2
FNDA:4,ResetForgotPasswordService
FNDA:4,execute
DA:1,1
DA:2,1
DA:3,1
DA:4,1
DA:5,1
DA:6,1
DA:7,1
DA:8,1
DA:9,1
DA:10,1
DA:11,1
DA:12,4
DA:13,4
DA:14,4
DA:15,4
DA:16,4
DA:17,4
DA:18,4
DA:19,1
DA:20,1
DA:21,4
DA:22,4
DA:23,4
DA:24,4
DA:25,4
DA:26,4
DA:27,4
DA:28,4
DA:29,1
DA:30,1
DA:31,1
DA:32,1
DA:33,1
DA:34,3
DA:35,4
DA:36,1
DA:37,1
DA:38,2
DA:39,2
DA:40,4
DA:41,1
DA:42,1
DA:43,1
DA:44,1
DA:45,1
DA:46,1
DA:47,1
LF:47
LH:47
BRDA:11,0,0,4
BRDA:20,1,0,4
BRDA:28,2,0,1
BRDA:34,3,0,3
BRDA:35,4,0,1
BRDA:38,5,0,2
BRDA:40,6,0,1
BRF:7
BRH:7
end_of_record
TN:
SF:src/modules/users/services/SendPasswordResetEmailService.ts
FN:12,SendPasswordResetEmailService
FN:21,execute
FNF:2
FNH:2
FNDA:3,SendPasswordResetEmailService
FNDA:3,execute
DA:1,1
DA:2,1
DA:3,1
DA:4,1
DA:5,1
DA:6,1
DA:7,1
DA:8,1
DA:9,1
DA:10,1
DA:11,1
DA:12,1
DA:13,3
DA:14,3
DA:15,3
DA:16,3
DA:17,3
DA:18,3
DA:19,3
DA:20,1
DA:21,1
DA:22,3
DA:23,3
DA:24,1
DA:25,1
DA:26,2
DA:27,2
DA:28,2
DA:29,2
DA:30,1
LF:30
LH:30
BRDA:12,0,0,3
BRDA:21,1,0,3
BRDA:23,2,0,1
BRDA:26,3,0,2
BRF:4
BRH:4
end_of_record
TN:
SF:src/modules/users/services/UpdateUserAvatarService.ts
FN:9,UpdateUserAvatarService
FN:16,execute
FNF:2
FNH:2
FNDA:3,UpdateUserAvatarService
FNDA:4,execute
DA:1,1
DA:2,1
DA:3,1
DA:4,1
DA:5,1
DA:6,1
DA:7,1
DA:8,1
DA:9,1
DA:10,3
DA:11,3
DA:12,3
DA:13,3
DA:14,3
DA:15,1
DA:16,1
DA:17,4
DA:18,4
DA:19,4
DA:20,4
DA:21,4
DA:22,4
DA:23,4
DA:24,4
DA:25,4
DA:26,1
DA:27,1
DA:28,3
DA:29,4
DA:30,1
DA:31,1
DA:32,3
DA:33,3
DA:34,3
DA:35,3
DA:36,3
DA:37,3
DA:38,0
DA:39,1
LF:39
LH:38
BRDA:9,0,0,3
BRDA:16,1,0,4
BRDA:25,2,0,1
BRDA:28,3,0,3
BRDA:29,4,0,1
BRDA:32,5,0,3
BRDA:38,6,0,0
BRF:7
BRH:6
end_of_record
